Running: fuse.exe -relaunch -intstyle "ise" -incremental -o "C:/Users/utp/Desktop/registro/registro/test_registro_isim_beh.exe" -prj "C:/Users/utp/Desktop/registro/registro/test_registro_beh.prj" "work.test_registro" 
ISim P.20131013 (signature 0x8ef4fb42)
Number of CPUs detected in this system: 4
Turning on mult-threading, number of parallel sub-compilation jobs: 8 
Determining compilation order of HDL files
Parsing VHDL file "C:/Users/utp/Desktop/registro/registro/registro.vhd" into library work
Parsing VHDL file "C:/Users/utp/Desktop/registro/registro/test_registro.vhd" into library work
Starting static elaboration
Completed static elaboration
Fuse Memory Usage: 121528 KB
Fuse CPU Usage: 312 ms
Compiling package standard
Compiling package std_logic_1164
Compiling architecture behavioral of entity registro [registro_default]
Compiling architecture behavior of entity test_registro
Time Resolution for simulation is 1ps.
Compiled 5 VHDL Units
Built simulation executable C:/Users/utp/Desktop/registro/registro/test_registro_isim_beh.exe
Fuse Memory Usage: 130472 KB
Fuse CPU Usage: 389 ms
