Command line:
   tb_SEU_isim_beh.exe
     -simmode  gui
     -simrunnum  0
     -socket  50102

Sun Oct 16 21:44:55 2016


 Elaboration Time: 0.125 sec

 Current Memory Usage: 517.984 Meg

 Total Signals          : 4
 Total Nets             : 45
 Total Signal Drivers   : 2
 Total Blocks           : 3
 Total Primitive Blocks : 2
 Total Processes        : 2
 Total Traceable Variables  : 8
 Total Scalar Nets and Variables : 405
Total Line Count : 7

 Total Simulation Time: 0.140625 sec

 Current Memory Usage: 517.984 Meg

Sun Oct 16 21:45:12 2016

