Command line:
   tb_MUX_isim_beh.exe
     -simmode  gui
     -simrunnum  0
     -socket  50633

Sun Oct 16 22:21:24 2016


 Elaboration Time: 0.09375 sec

 Current Memory Usage: 517.992 Meg

 Total Signals          : 8
 Total Nets             : 97
 Total Signal Drivers   : 4
 Total Blocks           : 3
 Total Primitive Blocks : 2
 Total Processes        : 2
 Total Traceable Variables  : 8
 Total Scalar Nets and Variables : 457
Total Line Count : 8

 Total Simulation Time: 0.15625 sec

 Current Memory Usage: 675.287 Meg

Sun Oct 16 22:21:56 2016

