Command line:
   tb_ALU_isim_beh.exe
     -simmode  gui
     -simrunnum  0
     -socket  49221

Sun Oct 16 16:58:38 2016


 Elaboration Time: 0.140625 sec

 Current Memory Usage: 518.025 Meg

 Total Signals          : 8
 Total Nets             : 102
 Total Signal Drivers   : 4
 Total Blocks           : 5
 Total Primitive Blocks : 4
 Total Processes        : 2
 Total Traceable Variables  : 10
 Total Scalar Nets and Variables : 480
Total Line Count : 42

 Total Simulation Time: 2.45313 sec

 Current Memory Usage: 360.731 Meg

Sun Oct 16 17:08:30 2016

