Command line:
   tb_UC_isim_beh.exe
     -simmode  gui
     -simrunnum  0
     -socket  49367

Sun Oct 16 17:43:14 2016


 Elaboration Time: 0.140625 sec

 Current Memory Usage: 517.96 Meg

 Total Signals          : 6
 Total Nets             : 14
 Total Signal Drivers   : 3
 Total Blocks           : 3
 Total Primitive Blocks : 2
 Total Processes        : 2
 Total Traceable Variables  : 8
 Total Scalar Nets and Variables : 374
Total Line Count : 65

 Total Simulation Time: 0.3125 sec

 Current Memory Usage: 675.254 Meg

Sun Oct 16 17:44:15 2016

