Command line:
   tb_procesador1_isim_beh.exe
     -simmode  gui
     -simrunnum  0
     -socket  55260

Mon Oct 17 16:55:06 2016


 Elaboration Time: 0.1875 sec

 Current Memory Usage: 522.396 Meg

 Total Signals          : 45
 Total Nets             : 3624
 Total Signal Drivers   : 12
 Total Blocks           : 14
 Total Primitive Blocks : 12
 Total Processes        : 10
 Total Traceable Variables  : 16
 Total Scalar Nets and Variables : 4126
Total Line Count : 62

 Total Simulation Time: 99.1094 sec

 Current Memory Usage: 365.101 Meg

Mon Oct 17 16:57:14 2016

