ISim log file
Running: E:\Mis Documentos\DEscargas\Arquitectura-de-Computadores-a8a1c5b8b1c9ab7c14ec94705048a3a588e5d5db\ProcesadorMonociclo1\tb_procesador1_isim_beh.exe -intstyle ise -gui -tclbatch isim.cmd -wdb E:/Mis Documentos/DEscargas/Arquitectura-de-Computadores-a8a1c5b8b1c9ab7c14ec94705048a3a588e5d5db/ProcesadorMonociclo1/tb_procesador1_isim_beh.wdb 
ISim P.20131013 (signature 0x7708f090)
WARNING: A WEBPACK license was found.
WARNING: Please use Xilinx License Configuration Manager to check out a full ISim license.
WARNING: ISim will run in Lite mode. Please refer to the ISim documentation for more information on the differences between the Lite and the Full version.
This is a Lite version of ISim.
Time resolution is 1 ps
# onerror resume
# wave add /
# run 1000 ns
Simulator is doing circuit initialization process.
at 0 ps, Instance /tb_procesador1/uut/Inst_ADD/ : Warning: There is an 'U'|'X'|'W'|'Z'|'-' in an arithmetic operand, the result will be 'X'(es).
at 0 ps, Instance /tb_procesador1/uut/Inst_IM/ : Warning: CONV_INTEGER: There is an 'U'|'X'|'W'|'Z'|'-' in an arithmetic operand, and it has been converted to 0.
at 0 ps, Instance /tb_procesador1/uut/Inst_RF/ : Warning: CONV_INTEGER: There is an 'U'|'X'|'W'|'Z'|'-' in an arithmetic operand, and it has been converted to 0.
at 0 ps, Instance /tb_procesador1/uut/Inst_RF/ : Warning: CONV_INTEGER: There is an 'U'|'X'|'W'|'Z'|'-' in an arithmetic operand, and it has been converted to 0.
at 0 ps, Instance /tb_procesador1/uut/Inst_RF/ : Warning: CONV_INTEGER: There is an 'U'|'X'|'W'|'Z'|'-' in an arithmetic operand, and it has been converted to 0.
Finished circuit initialization process.
ERROR: Index 32 out of bound 0 to 31. 
ERROR: In process IM.vhd:63 
 
INFO: Simulator is stopped.
