Command line:
   tb_procesador2_isim_beh.exe
     -simmode  gui
     -simrunnum  0
     -socket  52972

Sun Nov 06 20:57:58 2016


 Elaboration Time: 0.140625 sec

 Current Memory Usage: 522.375 Meg

 Total Signals          : 91
 Total Nets             : 2767
 Total Signal Drivers   : 25
 Total Blocks           : 19
 Total Primitive Blocks : 17
 Total Processes        : 18
 Total Traceable Variables  : 16
 Total Scalar Nets and Variables : 3269
Total Line Count : 153
In process IM.vhd:63 
 

 Total Simulation Time: 0.4375 sec

 Current Memory Usage: 365.081 Meg

Sun Nov 06 20:59:48 2016

